Starting Test Run
1 % Okay
2 % Okay
3 % Okay
4 % Okay
5 % Okay
6 % Okay
7 % Okay
8 % Okay
9 % Okay
10 % Okay
11 % Okay
12 % Okay
13 % Okay
14 % Okay
15 % Okay
16 % Okay
17 % Okay
18 % Okay
19 % Okay
20 % Okay
21 % Okay
22 % Okay
23 % Okay
24 % Okay
25 % Okay
26 % Okay
27 % Okay
28 % Okay
29 % Okay
30 % Okay
31 % Okay
32 % Okay
33 % Okay
34 % Okay
35 % Okay
36 % Okay
37 % Okay
38 % Okay
39 % Okay
40 % Okay
41 % Okay
42 % Okay
43 % Okay
44 % Okay
45 % Okay
46 % Okay
47 % Okay
48 % Okay
49 % Memory allocated minus memory deallocated: 0
50 % Exiting...
Finishing Test Run
